<?xml version="1.0" encoding="UTF-8"?>
<testsuite name="TestSuite" time="19.652" tests="1" errors="0" skipped="0" failures="1">
  <properties>
    <property name="java.runtime.name" value="Java(TM) SE Runtime Environment"/>
    <property name="sun.boot.library.path" value="C:\Program Files\Java\jdk1.8.0_241\jre\bin"/>
    <property name="java.vm.version" value="25.241-b07"/>
    <property name="java.vm.vendor" value="Oracle Corporation"/>
    <property name="maven.multiModuleProjectDirectory" value="C:\Users\hi\eclipse-workspace\FOP"/>
    <property name="java.vendor.url" value="http://java.oracle.com/"/>
    <property name="path.separator" value=";"/>
    <property name="guice.disable.misplaced.annotation.check" value="true"/>
    <property name="java.vm.name" value="Java HotSpot(TM) 64-Bit Server VM"/>
    <property name="file.encoding.pkg" value="sun.io"/>
    <property name="user.script" value=""/>
    <property name="user.country" value="US"/>
    <property name="sun.java.launcher" value="SUN_STANDARD"/>
    <property name="sun.os.patch.level" value=""/>
    <property name="java.vm.specification.name" value="Java Virtual Machine Specification"/>
    <property name="user.dir" value="C:\Users\hi\eclipse-workspace\FOP"/>
    <property name="java.runtime.version" value="1.8.0_241-b07"/>
    <property name="java.awt.graphicsenv" value="sun.awt.Win32GraphicsEnvironment"/>
    <property name="java.endorsed.dirs" value="C:\Program Files\Java\jdk1.8.0_241\jre\lib\endorsed"/>
    <property name="os.arch" value="amd64"/>
    <property name="java.io.tmpdir" value="C:\Users\hi\AppData\Local\Temp\"/>
    <property name="line.separator" value="&#10;"/>
    <property name="java.vm.specification.vendor" value="Oracle Corporation"/>
    <property name="user.variant" value=""/>
    <property name="os.name" value="Windows 10"/>
    <property name="classworlds.conf" value="C:\Users\hi\eclipse-workspace\.metadata\.plugins\org.eclipse.m2e.launching\launches\m2conf2447752336330658404.tmp"/>
    <property name="sun.jnu.encoding" value="Cp1252"/>
    <property name="java.library.path" value="C:\Program Files\Java\jdk1.8.0_241\bin;C:\WINDOWS\Sun\Java\bin;C:\WINDOWS\system32;C:\WINDOWS;C:/Program Files/Java/jre1.8.0_241/bin/server;C:/Program Files/Java/jre1.8.0_241/bin;C:/Program Files/Java/jre1.8.0_241/lib/amd64;C:\Program Files (x86)\Common Files\Oracle\Java\javapath;C:\WINDOWS\system32;C:\WINDOWS;C:\WINDOWS\System32\Wbem;C:\WINDOWS\System32\WindowsPowerShell\v1.0\;C:\Program Files (x86)\Microchip\xc8\v1.36\bin;C:\Program Files (x86)\Microchip\MPLAB C32 Suite\bin;C:\WINDOWS\System32\OpenSSH\;C:\Users\hi\AppData\Local\Microsoft\WindowsApps;;F:\eclipse-jee-oxygen-R-win32-x86_64\eclipse;;."/>
    <property name="java.specification.name" value="Java Platform API Specification"/>
    <property name="java.class.version" value="52.0"/>
    <property name="sun.management.compiler" value="HotSpot 64-Bit Tiered Compilers"/>
    <property name="os.version" value="10.0"/>
    <property name="user.home" value="C:\Users\hi"/>
    <property name="user.timezone" value="Asia/Calcutta"/>
    <property name="java.awt.printerjob" value="sun.awt.windows.WPrinterJob"/>
    <property name="java.specification.version" value="1.8"/>
    <property name="file.encoding" value="Cp1252"/>
    <property name="user.name" value="hi"/>
    <property name="java.class.path" value="/F:/eclipse-jee-oxygen-R-win32-x86_64/eclipse/plugins/org.eclipse.m2e.maven.runtime_1.8.0.20170516-2042/jars/plexus-classworlds-2.5.2.jar"/>
    <property name="java.vm.specification.version" value="1.8"/>
    <property name="sun.arch.data.model" value="64"/>
    <property name="java.home" value="C:\Program Files\Java\jdk1.8.0_241\jre"/>
    <property name="sun.java.command" value="org.codehaus.plexus.classworlds.launcher.Launcher -B install"/>
    <property name="java.specification.vendor" value="Oracle Corporation"/>
    <property name="user.language" value="en"/>
    <property name="awt.toolkit" value="sun.awt.windows.WToolkit"/>
    <property name="java.vm.info" value="mixed mode"/>
    <property name="java.version" value="1.8.0_241"/>
    <property name="java.ext.dirs" value="C:\Program Files\Java\jdk1.8.0_241\jre\lib\ext;C:\WINDOWS\Sun\Java\lib\ext"/>
    <property name="sun.boot.class.path" value="C:\Program Files\Java\jdk1.8.0_241\jre\lib\resources.jar;C:\Program Files\Java\jdk1.8.0_241\jre\lib\rt.jar;C:\Program Files\Java\jdk1.8.0_241\jre\lib\sunrsasign.jar;C:\Program Files\Java\jdk1.8.0_241\jre\lib\jsse.jar;C:\Program Files\Java\jdk1.8.0_241\jre\lib\jce.jar;C:\Program Files\Java\jdk1.8.0_241\jre\lib\charsets.jar;C:\Program Files\Java\jdk1.8.0_241\jre\lib\jfr.jar;C:\Program Files\Java\jdk1.8.0_241\jre\classes"/>
    <property name="java.vendor" value="Oracle Corporation"/>
    <property name="maven.home" value="C:\Users\hi\eclipse-workspace\FOP\EMBEDDED"/>
    <property name="file.separator" value="\"/>
    <property name="java.vendor.url.bug" value="http://bugreport.sun.com/bugreport/"/>
    <property name="sun.cpu.endian" value="little"/>
    <property name="sun.io.unicode.encoding" value="UnicodeLittle"/>
    <property name="sun.desktop" value="windows"/>
    <property name="sun.cpu.isalist" value="amd64"/>
  </properties>
  <testcase name="mouse" classname="com.flipkart.FOP.HomePageTest" time="19.652">
    <failure message="Unable to convert: {actions=[org.openqa.selenium.interactions.Sequence@2f217633]}" type="org.openqa.selenium.WebDriverException">org.openqa.selenium.WebDriverException: Unable to convert: {actions=[org.openqa.selenium.interactions.Sequence@2f217633]}
	at sun.reflect.NativeConstructorAccessorImpl.newInstance0(Native Method)
	at sun.reflect.NativeConstructorAccessorImpl.newInstance(NativeConstructorAccessorImpl.java:62)
	at sun.reflect.DelegatingConstructorAccessorImpl.newInstance(DelegatingConstructorAccessorImpl.java:45)
	at java.lang.reflect.Constructor.newInstance(Constructor.java:423)
	at org.openqa.selenium.remote.http.W3CHttpResponseCodec.createException(W3CHttpResponseCodec.java:187)
	at org.openqa.selenium.remote.http.W3CHttpResponseCodec.decode(W3CHttpResponseCodec.java:122)
	at org.openqa.selenium.remote.http.W3CHttpResponseCodec.decode(W3CHttpResponseCodec.java:49)
	at org.openqa.selenium.remote.HttpCommandExecutor.execute(HttpCommandExecutor.java:158)
	at org.openqa.selenium.remote.service.DriverCommandExecutor.execute(DriverCommandExecutor.java:83)
	at org.openqa.selenium.remote.RemoteWebDriver.execute(RemoteWebDriver.java:545)
	at org.openqa.selenium.remote.RemoteWebDriver.findElement(RemoteWebDriver.java:319)
	at org.openqa.selenium.remote.RemoteWebDriver.findElementByXPath(RemoteWebDriver.java:421)
	at org.openqa.selenium.By$ByXPath.findElement(By.java:361)
	at org.openqa.selenium.remote.RemoteWebDriver.findElement(RemoteWebDriver.java:311)
	at org.openqa.selenium.support.pagefactory.DefaultElementLocator.findElement(DefaultElementLocator.java:69)
	at org.openqa.selenium.support.pagefactory.internal.LocatingElementHandler.invoke(LocatingElementHandler.java:38)
	at com.sun.proxy.$Proxy5.getWrappedElement(Unknown Source)
	at org.openqa.selenium.interactions.PointerInput$Origin.asArg(PointerInput.java:203)
	at org.openqa.selenium.interactions.PointerInput$Move.encode(PointerInput.java:154)
	at org.openqa.selenium.interactions.Sequence.encode(Sequence.java:75)
	at org.openqa.selenium.interactions.Sequence.toJson(Sequence.java:84)
	at sun.reflect.NativeMethodAccessorImpl.invoke0(Native Method)
	at sun.reflect.NativeMethodAccessorImpl.invoke(NativeMethodAccessorImpl.java:62)
	at sun.reflect.DelegatingMethodAccessorImpl.invoke(DelegatingMethodAccessorImpl.java:43)
	at java.lang.reflect.Method.invoke(Method.java:498)
	at org.openqa.selenium.json.BeanToJsonConverter.convertObject(BeanToJsonConverter.java:181)
	at org.openqa.selenium.json.BeanToJsonConverter.convertObject(BeanToJsonConverter.java:146)
	at org.openqa.selenium.json.BeanToJsonConverter.convertObject(BeanToJsonConverter.java:134)
	at org.openqa.selenium.json.BeanToJsonConverter.convertObject(BeanToJsonConverter.java:94)
	at org.openqa.selenium.json.BeanToJsonConverter.convert(BeanToJsonConverter.java:74)
	at org.openqa.selenium.json.Json.toJson(Json.java:60)
	at org.openqa.selenium.remote.http.AbstractHttpCommandCodec.encode(AbstractHttpCommandCodec.java:227)
	at org.openqa.selenium.remote.http.AbstractHttpCommandCodec.encode(AbstractHttpCommandCodec.java:117)
	at org.openqa.selenium.remote.HttpCommandExecutor.execute(HttpCommandExecutor.java:152)
	at org.openqa.selenium.remote.service.DriverCommandExecutor.execute(DriverCommandExecutor.java:83)
	at org.openqa.selenium.remote.RemoteWebDriver.execute(RemoteWebDriver.java:545)
	at org.openqa.selenium.remote.RemoteWebDriver.perform(RemoteWebDriver.java:611)
	at org.openqa.selenium.interactions.Actions$BuiltAction.perform(Actions.java:638)
	at com.flipkart.FOP.BasePage.mouseover(BasePage.java:134)
	at com.flipkart.FOP.HomePageTest.mouse(HomePageTest.java:66)
</failure>
    <system-err><![CDATA[Starting ChromeDriver 80.0.3987.106 (f68069574609230cf9b635cd784cfb1bf81bb53a-refs/branch-heads/3987@{#882}) on port 38903
Only local connections are allowed.
Please protect ports used by ChromeDriver and related test frameworks to prevent access by malicious code.
[1584086698.149][WARNING]: Timed out connecting to Chrome, retrying...
Mar 13, 2020 1:35:00 PM org.openqa.selenium.remote.ProtocolHandshake createSession
INFO: Detected dialect: W3C
[1584086702.501][WARNING]: Timed out connecting to Chrome, retrying...
[1584086706.233][SEVERE]: Timed out receiving message from renderer: 0.100
[1584086706.335][SEVERE]: Timed out receiving message from renderer: 0.100
[1584086706.437][SEVERE]: Timed out receiving message from renderer: 0.100
[1584086706.540][SEVERE]: Timed out receiving message from renderer: 0.100
[1584086706.644][SEVERE]: Timed out receiving message from renderer: 0.100
[1584086706.747][SEVERE]: Timed out receiving message from renderer: 0.100
[1584086706.850][SEVERE]: Timed out receiving message from renderer: 0.100
[1584086706.956][SEVERE]: Timed out receiving message from renderer: 0.100
[1584086707.070][SEVERE]: Timed out receiving message from renderer: 0.100
[1584086707.175][SEVERE]: Timed out receiving message from renderer: 0.100
[1584086707.282][SEVERE]: Timed out receiving message from renderer: 0.100
[1584086707.385][SEVERE]: Timed out receiving message from renderer: 0.100
[1584086707.488][SEVERE]: Timed out receiving message from renderer: 0.100
[1584086707.593][SEVERE]: Timed out receiving message from renderer: 0.100
[1584086707.694][SEVERE]: Timed out receiving message from renderer: 0.100
[1584086707.798][SEVERE]: Timed out receiving message from renderer: 0.100
[1584086707.901][SEVERE]: Timed out receiving message from renderer: 0.100
[1584086708.005][SEVERE]: Timed out receiving message from renderer: 0.100
[1584086708.109][SEVERE]: Timed out receiving message from renderer: 0.100
[1584086708.213][SEVERE]: Timed out receiving message from renderer: 0.100
[1584086708.315][SEVERE]: Timed out receiving message from renderer: 0.100
[1584086708.417][SEVERE]: Timed out receiving message from renderer: 0.100
[1584086708.518][SEVERE]: Timed out receiving message from renderer: 0.100
[1584086708.678][SEVERE]: Timed out receiving message from renderer: 0.100
[1584086708.782][SEVERE]: Timed out receiving message from renderer: 0.100
[1584086708.886][SEVERE]: Timed out receiving message from renderer: 0.100
[1584086708.991][SEVERE]: Timed out receiving message from renderer: 0.100
[1584086709.093][SEVERE]: Timed out receiving message from renderer: 0.100
[1584086709.197][SEVERE]: Timed out receiving message from renderer: 0.100
[1584086709.300][SEVERE]: Timed out receiving message from renderer: 0.100
[1584086709.411][SEVERE]: Timed out receiving message from renderer: 0.100
[1584086709.515][SEVERE]: Timed out receiving message from renderer: 0.100
[1584086709.616][SEVERE]: Timed out receiving message from renderer: 0.100
[1584086709.720][SEVERE]: Timed out receiving message from renderer: 0.100
[1584086709.822][SEVERE]: Timed out receiving message from renderer: 0.100
[1584086709.926][SEVERE]: Timed out receiving message from renderer: 0.100
[1584086710.082][SEVERE]: Timed out receiving message from renderer: 0.100
[1584086710.405][SEVERE]: Timed out receiving message from renderer: 0.100
[1584086711.203][SEVERE]: Timed out receiving message from renderer: 0.100
[1584086711.304][SEVERE]: Timed out receiving message from renderer: 0.100
[1584086711.408][SEVERE]: Timed out receiving message from renderer: 0.100
[1584086711.516][SEVERE]: Timed out receiving message from renderer: 0.100
[1584086711.714][SEVERE]: Timed out receiving message from renderer: 0.100
[1584086711.818][SEVERE]: Timed out receiving message from renderer: 0.100
[1584086711.926][SEVERE]: Timed out receiving message from renderer: 0.100
[1584086712.030][SEVERE]: Timed out receiving message from renderer: 0.100
[1584086712.134][SEVERE]: Timed out receiving message from renderer: 0.100
[1584086712.253][SEVERE]: Timed out receiving message from renderer: 0.100
[1584086712.358][SEVERE]: Timed out receiving message from renderer: 0.100
[1584086712.478][SEVERE]: Timed out receiving message from renderer: 0.100
[1584086712.678][SEVERE]: Timed out receiving message from renderer: 0.100
[1584086712.814][SEVERE]: Timed out receiving message from renderer: 0.100
[1584086712.918][SEVERE]: Timed out receiving message from renderer: 0.100
]]></system-err>
  </testcase>
</testsuite>